\BOOKMARK [1][-]{section.1}{Introducci\363n}{}% 1
\BOOKMARK [1][-]{section.2}{Explicaci\363n}{}% 2
\BOOKMARK [2][-]{subsection.2.1}{Estudio de los datos.}{section.2}% 3
\BOOKMARK [2][-]{subsection.2.2}{Preprocesado de datos.}{section.2}% 4
\BOOKMARK [1][-]{section.3}{Resultados}{}% 5
\BOOKMARK [2][-]{subsection.3.1}{Submission\137one}{section.3}% 6
\BOOKMARK [3][-]{subsubsection.3.1.1}{Breve descripci\363n del preprocesado.}{subsection.3.1}% 7
\BOOKMARK [3][-]{subsubsection.3.1.2}{Breve descripci\363n de los algoritmos utilizados.}{subsection.3.1}% 8
\BOOKMARK [3][-]{subsubsection.3.1.3}{Configuraci\363n de los par\341metros de los algoritmos.}{subsection.3.1}% 9
\BOOKMARK [2][-]{subsection.3.2}{Submission\137x}{section.3}% 10
\BOOKMARK [3][-]{subsubsection.3.2.1}{Breve descripci\363n del preprocesado.}{subsection.3.2}% 11
\BOOKMARK [3][-]{subsubsection.3.2.2}{Breve descripci\363n de los algoritmos utilizados.}{subsection.3.2}% 12
\BOOKMARK [3][-]{subsubsection.3.2.3}{Configuraci\363n de los par\341metros de los algoritmos.}{subsection.3.2}% 13
\BOOKMARK [2][-]{subsection.3.3}{Submission-29-12-2}{section.3}% 14
\BOOKMARK [3][-]{subsubsection.3.3.1}{Breve descripci\363n del preprocesado.}{subsection.3.3}% 15
\BOOKMARK [3][-]{subsubsection.3.3.2}{Breve descripci\363n de los algoritmos utilizados.}{subsection.3.3}% 16
\BOOKMARK [3][-]{subsubsection.3.3.3}{Configuraci\363n de los par\341metros de los algoritmos.}{subsection.3.3}% 17
\BOOKMARK [2][-]{subsection.3.4}{Submission-29-12-4}{section.3}% 18
\BOOKMARK [3][-]{subsubsection.3.4.1}{Breve descripci\363n del preprocesado.}{subsection.3.4}% 19
\BOOKMARK [3][-]{subsubsection.3.4.2}{Breve descripci\363n de los algoritmos utilizados.}{subsection.3.4}% 20
\BOOKMARK [3][-]{subsubsection.3.4.3}{Configuraci\363n de los par\341metros de los algoritmos.}{subsection.3.4}% 21
\BOOKMARK [2][-]{subsection.3.5}{Submission-30-12-1}{section.3}% 22
\BOOKMARK [3][-]{subsubsection.3.5.1}{Breve descripci\363n del preprocesado.}{subsection.3.5}% 23
\BOOKMARK [3][-]{subsubsection.3.5.2}{Breve descripci\363n de los algoritmos utilizados.}{subsection.3.5}% 24
\BOOKMARK [3][-]{subsubsection.3.5.3}{Configuraci\363n de los par\341metros de los algoritmos.}{subsection.3.5}% 25
\BOOKMARK [2][-]{subsection.3.6}{Submission-30-12-2}{section.3}% 26
\BOOKMARK [3][-]{subsubsection.3.6.1}{Breve descripci\363n del preprocesado.}{subsection.3.6}% 27
\BOOKMARK [3][-]{subsubsection.3.6.2}{Breve descripci\363n de los algoritmos utilizados.}{subsection.3.6}% 28
\BOOKMARK [3][-]{subsubsection.3.6.3}{Configuraci\363n de los par\341metros de los algoritmos.}{subsection.3.6}% 29
\BOOKMARK [2][-]{subsection.3.7}{Submission-30-12-3}{section.3}% 30
\BOOKMARK [3][-]{subsubsection.3.7.1}{Breve descripci\363n del preprocesado.}{subsection.3.7}% 31
\BOOKMARK [3][-]{subsubsection.3.7.2}{Breve descripci\363n de los algoritmos utilizados.}{subsection.3.7}% 32
\BOOKMARK [3][-]{subsubsection.3.7.3}{Configuraci\363n de los par\341metros de los algoritmos.}{subsection.3.7}% 33
\BOOKMARK [2][-]{subsection.3.8}{Submission-30-12-4}{section.3}% 34
\BOOKMARK [3][-]{subsubsection.3.8.1}{Breve descripci\363n del preprocesado.}{subsection.3.8}% 35
\BOOKMARK [3][-]{subsubsection.3.8.2}{Breve descripci\363n de los algoritmos utilizados.}{subsection.3.8}% 36
\BOOKMARK [3][-]{subsubsection.3.8.3}{Configuraci\363n de los par\341metros de los algoritmos.}{subsection.3.8}% 37
\BOOKMARK [2][-]{subsection.3.9}{Submission-30-12-5}{section.3}% 38
\BOOKMARK [3][-]{subsubsection.3.9.1}{Breve descripci\363n del preprocesado.}{subsection.3.9}% 39
\BOOKMARK [3][-]{subsubsection.3.9.2}{Breve descripci\363n de los algoritmos utilizados.}{subsection.3.9}% 40
\BOOKMARK [3][-]{subsubsection.3.9.3}{Configuraci\363n de los par\341metros de los algoritmos.}{subsection.3.9}% 41
\BOOKMARK [2][-]{subsection.3.10}{Submission-30-12-6}{section.3}% 42
\BOOKMARK [3][-]{subsubsection.3.10.1}{Breve descripci\363n del preprocesado.}{subsection.3.10}% 43
\BOOKMARK [3][-]{subsubsection.3.10.2}{Breve descripci\363n de los algoritmos utilizados.}{subsection.3.10}% 44
\BOOKMARK [3][-]{subsubsection.3.10.3}{Configuraci\363n de los par\341metros de los algoritmos.}{subsection.3.10}% 45
\BOOKMARK [2][-]{subsection.3.11}{Submission-30-12-7}{section.3}% 46
\BOOKMARK [3][-]{subsubsection.3.11.1}{Breve descripci\363n del preprocesado.}{subsection.3.11}% 47
\BOOKMARK [3][-]{subsubsection.3.11.2}{Breve descripci\363n de los algoritmos utilizados.}{subsection.3.11}% 48
\BOOKMARK [3][-]{subsubsection.3.11.3}{Configuraci\363n de los par\341metros de los algoritmos.}{subsection.3.11}% 49
\BOOKMARK [2][-]{subsection.3.12}{Submission-30-12-8}{section.3}% 50
\BOOKMARK [3][-]{subsubsection.3.12.1}{Breve descripci\363n del preprocesado.}{subsection.3.12}% 51
\BOOKMARK [3][-]{subsubsection.3.12.2}{Breve descripci\363n de los algoritmos utilizados.}{subsection.3.12}% 52
\BOOKMARK [3][-]{subsubsection.3.12.3}{Configuraci\363n de los par\341metros de los algoritmos.}{subsection.3.12}% 53
\BOOKMARK [2][-]{subsection.3.13}{Submission-31-12-1}{section.3}% 54
\BOOKMARK [3][-]{subsubsection.3.13.1}{Breve descripci\363n del preprocesado.}{subsection.3.13}% 55
\BOOKMARK [3][-]{subsubsection.3.13.2}{Breve descripci\363n de los algoritmos utilizados.}{subsection.3.13}% 56
\BOOKMARK [3][-]{subsubsection.3.13.3}{Configuraci\363n de los par\341metros de los algoritmos.}{subsection.3.13}% 57
\BOOKMARK [2][-]{subsection.3.14}{Submission-31-12-2}{section.3}% 58
\BOOKMARK [3][-]{subsubsection.3.14.1}{Breve descripci\363n del preprocesado.}{subsection.3.14}% 59
\BOOKMARK [3][-]{subsubsection.3.14.2}{Breve descripci\363n de los algoritmos utilizados.}{subsection.3.14}% 60
\BOOKMARK [3][-]{subsubsection.3.14.3}{Configuraci\363n de los par\341metros de los algoritmos.}{subsection.3.14}% 61
\BOOKMARK [2][-]{subsection.3.15}{Submission-31-12-3}{section.3}% 62
\BOOKMARK [3][-]{subsubsection.3.15.1}{Breve descripci\363n del preprocesado.}{subsection.3.15}% 63
\BOOKMARK [3][-]{subsubsection.3.15.2}{Breve descripci\363n de los algoritmos utilizados.}{subsection.3.15}% 64
\BOOKMARK [3][-]{subsubsection.3.15.3}{Configuraci\363n de los par\341metros de los algoritmos.}{subsection.3.15}% 65
\BOOKMARK [2][-]{subsection.3.16}{Submission-31-12-4}{section.3}% 66
\BOOKMARK [3][-]{subsubsection.3.16.1}{Breve descripci\363n del preprocesado.}{subsection.3.16}% 67
\BOOKMARK [3][-]{subsubsection.3.16.2}{Breve descripci\363n de los algoritmos utilizados.}{subsection.3.16}% 68
\BOOKMARK [3][-]{subsubsection.3.16.3}{Configuraci\363n de los par\341metros de los algoritmos.}{subsection.3.16}% 69
\BOOKMARK [2][-]{subsection.3.17}{Submission-31-12-5}{section.3}% 70
\BOOKMARK [3][-]{subsubsection.3.17.1}{Breve descripci\363n del preprocesado.}{subsection.3.17}% 71
\BOOKMARK [3][-]{subsubsection.3.17.2}{Breve descripci\363n de los algoritmos utilizados.}{subsection.3.17}% 72
\BOOKMARK [3][-]{subsubsection.3.17.3}{Configuraci\363n de los par\341metros de los algoritmos.}{subsection.3.17}% 73
\BOOKMARK [2][-]{subsection.3.18}{Submission-31-12-6}{section.3}% 74
\BOOKMARK [3][-]{subsubsection.3.18.1}{Breve descripci\363n del preprocesado.}{subsection.3.18}% 75
\BOOKMARK [3][-]{subsubsection.3.18.2}{Breve descripci\363n de los algoritmos utilizados.}{subsection.3.18}% 76
\BOOKMARK [3][-]{subsubsection.3.18.3}{Configuraci\363n de los par\341metros de los algoritmos.}{subsection.3.18}% 77
\BOOKMARK [1][-]{section.4}{Distribuci\363n de las soluciones entregadas.}{}% 78
